<?xml version="1.0" encoding="UTF-8"?>
<testng-results skipped="0" failed="0" total="1" passed="1">
  <reporter-output>
  </reporter-output>
  <suite name="Automation Test Report" duration-ms="15261" started-at="2019-11-22T10:14:23Z" finished-at="2019-11-22T10:14:38Z">
    <groups>
    </groups>
    <test name="Automation Test Report" duration-ms="15261" started-at="2019-11-22T10:14:23Z" finished-at="2019-11-22T10:14:38Z">
      <class name="com.la.TestRunner.TestRunner">
        <test-method status="PASS" signature="setUpCass()[pri:0, instance:com.la.TestRunner.TestRunner@7946e1f4]" name="setUpCass" is-config="true" duration-ms="184" started-at="2019-11-22T15:44:23Z" finished-at="2019-11-22T15:44:24Z">
          <reporter-output>
          </reporter-output>
        </test-method> <!-- setUpCass -->
        <test-method status="PASS" signature="feature(cucumber.api.testng.CucumberFeatureWrapper)[pri:0, instance:com.la.TestRunner.TestRunner@7946e1f4]" name="feature" duration-ms="14840" started-at="2019-11-22T15:44:24Z" data-provider="features" finished-at="2019-11-22T15:44:38Z">
          <params>
            <param index="0">
              <value>
                <![CDATA[Login Functionality]]>
              </value>
            </param>
          </params>
          <reporter-output>
          </reporter-output>
        </test-method> <!-- feature -->
        <test-method status="PASS" signature="tearDown()[pri:0, instance:com.la.TestRunner.TestRunner@7946e1f4]" name="tearDown" is-config="true" duration-ms="7" started-at="2019-11-22T15:44:38Z" finished-at="2019-11-22T15:44:38Z">
          <reporter-output>
          </reporter-output>
        </test-method> <!-- tearDown -->
      </class> <!-- com.la.TestRunner.TestRunner -->
    </test> <!-- Automation Test Report -->
  </suite> <!-- Automation Test Report -->
</testng-results>
